2024-02-20 12:40:45,940: Successfully established connection a ZeroMQ server at tcp://*:5555
2024-02-20 12:40:58,293: Received message (formatted): {'ZMQ_ID': 1.0, 'iStatus': 0.0, 'Time': 0.0, 'VS_MechGenPwr': 1926.859, 'VS_GenPwr': 5244523.0, 'GenSpeed': 0.5235988, 'RotSpeed': 0.5235988, 'GenTqMeas': 0.0, 'NacHeading': 0.0, 'NacVane': -0.0, 'HorWindV': 8.000003, 'rootMOOP(1)': 391935.6, 'rootMOOP(2)': 357343.5, 'rootMOOP(3)': 357550.2, 'FA_Acc': 0.0, 'NacIMU_FA_Acc': 0.0, 'Azimuth': 0.0}
2024-02-20 12:40:58,294: Connected to a new ROSCO with id = 1
2024-02-20 12:40:58,297: Received setpoints {'ZMQ_YawOffset': 0.0, 'ZMQ_PitOffset(1)': 0.0, 'ZMQ_PitOffset(2)': 0.0, 'ZMQ_PitOffset(3)': 0.0} from wfc_controller for time = 0.0 and id = 1
2024-02-20 12:40:58,298: Sent setpoints {'ZMQ_TorqueOffset': 0, 'ZMQ_YawOffset': 0.0, 'ZMQ_PitOffset(1)': 0.0, 'ZMQ_PitOffset(2)': 0.0, 'ZMQ_PitOffset(3)': 0.0} to id = 1
2024-02-20 12:40:59,199: Received message (formatted): {'ZMQ_ID': 1.0, 'iStatus': 1.0, 'Time': 1.0, 'VS_MechGenPwr': 5266218.0, 'VS_GenPwr': 4805699.0, 'GenSpeed': 0.5038561, 'RotSpeed': 0.5038561, 'GenTqMeas': 9887412.0, 'NacHeading': -0.0003336676, 'NacVane': 0.0003336676, 'HorWindV': 8.000003, 'rootMOOP(1)': 28503150.0, 'rootMOOP(2)': 32942730.0, 'rootMOOP(3)': 29328310.0, 'FA_Acc': -1.019104, 'NacIMU_FA_Acc': 0.1567988, 'Azimuth': 0.512114}
2024-02-20 12:40:59,200: Received setpoints {'ZMQ_YawOffset': 0.0, 'ZMQ_PitOffset(1)': 0.0, 'ZMQ_PitOffset(2)': 0.0, 'ZMQ_PitOffset(3)': 0.0} from wfc_controller for time = 1.0 and id = 1
2024-02-20 12:40:59,201: Sent setpoints {'ZMQ_TorqueOffset': 0, 'ZMQ_YawOffset': 0.0, 'ZMQ_PitOffset(1)': 0.0, 'ZMQ_PitOffset(2)': 0.0, 'ZMQ_PitOffset(3)': 0.0} to id = 1
2024-02-20 12:40:59,906: Received message (formatted): {'ZMQ_ID': 1.0, 'iStatus': 1.0, 'Time': 2.0, 'VS_MechGenPwr': 5016166.0, 'VS_GenPwr': 4855078.0, 'GenSpeed': 0.5224392, 'RotSpeed': 0.5224392, 'GenTqMeas': 9620499.0, 'NacHeading': -0.002617141, 'NacVane': 0.002617141, 'HorWindV': 8.000003, 'rootMOOP(1)': 35059350.0, 'rootMOOP(2)': 28799510.0, 'rootMOOP(3)': 33183930.0, 'FA_Acc': 0.3452806, 'NacIMU_FA_Acc': -0.08760627, 'Azimuth': 1.026502}
2024-02-20 12:40:59,907: Received setpoints {'ZMQ_YawOffset': 0.0, 'ZMQ_PitOffset(1)': 0.0, 'ZMQ_PitOffset(2)': 0.0, 'ZMQ_PitOffset(3)': 0.0} from wfc_controller for time = 2.0 and id = 1
2024-02-20 12:40:59,908: Sent setpoints {'ZMQ_TorqueOffset': 0, 'ZMQ_YawOffset': 0.0, 'ZMQ_PitOffset(1)': 0.0, 'ZMQ_PitOffset(2)': 0.0, 'ZMQ_PitOffset(3)': 0.0} to id = 1
2024-02-20 12:41:00,679: Received message (formatted): {'ZMQ_ID': 1.0, 'iStatus': 1.0, 'Time': 3.0, 'VS_MechGenPwr': 5058118.0, 'VS_GenPwr': 4871080.0, 'GenSpeed': 0.5253981, 'RotSpeed': 0.5253981, 'GenTqMeas': 9600116.0, 'NacHeading': 0.0003555071, 'NacVane': -0.0003555071, 'HorWindV': 8.000003, 'rootMOOP(1)': 33593140.0, 'rootMOOP(2)': 30761200.0, 'rootMOOP(3)': 32314070.0, 'FA_Acc': -0.2147469, 'NacIMU_FA_Acc': 0.04343393, 'Azimuth': 1.549118}
2024-02-20 12:41:00,680: Received setpoints {'ZMQ_YawOffset': 0.0, 'ZMQ_PitOffset(1)': 0.0, 'ZMQ_PitOffset(2)': 0.0, 'ZMQ_PitOffset(3)': 0.0} from wfc_controller for time = 3.0 and id = 1
2024-02-20 12:41:00,682: Sent setpoints {'ZMQ_TorqueOffset': 0, 'ZMQ_YawOffset': 0.0, 'ZMQ_PitOffset(1)': 0.0, 'ZMQ_PitOffset(2)': 0.0, 'ZMQ_PitOffset(3)': 0.0} to id = 1
2024-02-20 12:41:01,432: Received message (formatted): {'ZMQ_ID': 1.0, 'iStatus': 1.0, 'Time': 4.0, 'VS_MechGenPwr': 5435530.0, 'VS_GenPwr': 5150692.0, 'GenSpeed': 0.5407175, 'RotSpeed': 0.5407175, 'GenTqMeas': 9870275.0, 'NacHeading': -0.001283837, 'NacVane': 0.001283837, 'HorWindV': 8.000003, 'rootMOOP(1)': 33614080.0, 'rootMOOP(2)': 31632500.0, 'rootMOOP(3)': 36755630.0, 'FA_Acc': 0.004407616, 'NacIMU_FA_Acc': -0.01944962, 'Azimuth': 2.081604}
2024-02-20 12:41:01,433: Received setpoints {'ZMQ_YawOffset': 0.0, 'ZMQ_PitOffset(1)': 0.0, 'ZMQ_PitOffset(2)': 0.0, 'ZMQ_PitOffset(3)': 0.0} from wfc_controller for time = 4.0 and id = 1
2024-02-20 12:41:01,434: Sent setpoints {'ZMQ_TorqueOffset': 0, 'ZMQ_YawOffset': 0.0, 'ZMQ_PitOffset(1)': 0.0, 'ZMQ_PitOffset(2)': 0.0, 'ZMQ_PitOffset(3)': 0.0} to id = 1
2024-02-20 12:41:02,360: Received message (formatted): {'ZMQ_ID': 1.0, 'iStatus': 1.0, 'Time': 5.0, 'VS_MechGenPwr': 5668656.0, 'VS_GenPwr': 5469652.0, 'GenSpeed': 0.5476202, 'RotSpeed': 0.5476202, 'GenTqMeas': 10345020.0, 'NacHeading': -0.0005715342, 'NacVane': 0.0005715342, 'HorWindV': 8.000003, 'rootMOOP(1)': 33013260.0, 'rootMOOP(2)': 33286480.0, 'rootMOOP(3)': 34888310.0, 'FA_Acc': 0.1759852, 'NacIMU_FA_Acc': 0.008417263, 'Azimuth': 2.624868}
2024-02-20 12:41:02,361: Received setpoints {'ZMQ_YawOffset': 0.0, 'ZMQ_PitOffset(1)': 0.0, 'ZMQ_PitOffset(2)': 0.0, 'ZMQ_PitOffset(3)': 0.0} from wfc_controller for time = 5.0 and id = 1
2024-02-20 12:41:02,361: Sent setpoints {'ZMQ_TorqueOffset': 0, 'ZMQ_YawOffset': 0.0, 'ZMQ_PitOffset(1)': 0.0, 'ZMQ_PitOffset(2)': 0.0, 'ZMQ_PitOffset(3)': 0.0} to id = 1
2024-02-20 12:41:03,270: Received message (formatted): {'ZMQ_ID': 1.0, 'iStatus': 1.0, 'Time': 6.0, 'VS_MechGenPwr': 6101654.0, 'VS_GenPwr': 5842160.0, 'GenSpeed': 0.5561157, 'RotSpeed': 0.5561157, 'GenTqMeas': 10883970.0, 'NacHeading': 0.002315607, 'NacVane': -0.002315607, 'HorWindV': 8.000003, 'rootMOOP(1)': 31563580.0, 'rootMOOP(2)': 34765260.0, 'rootMOOP(3)': 36652600.0, 'FA_Acc': -0.1668048, 'NacIMU_FA_Acc': -0.003184429, 'Azimuth': 3.176576}
2024-02-20 12:41:03,271: Received setpoints {'ZMQ_YawOffset': 0.0, 'ZMQ_PitOffset(1)': 0.0, 'ZMQ_PitOffset(2)': 0.0, 'ZMQ_PitOffset(3)': 0.0} from wfc_controller for time = 6.0 and id = 1
2024-02-20 12:41:03,271: Sent setpoints {'ZMQ_TorqueOffset': 0, 'ZMQ_YawOffset': 0.0, 'ZMQ_PitOffset(1)': 0.0, 'ZMQ_PitOffset(2)': 0.0, 'ZMQ_PitOffset(3)': 0.0} to id = 1
2024-02-20 12:41:04,102: Received message (formatted): {'ZMQ_ID': 1.0, 'iStatus': 1.0, 'Time': 7.0, 'VS_MechGenPwr': 6399970.0, 'VS_GenPwr': 6163546.0, 'GenSpeed': 0.5596992, 'RotSpeed': 0.5596992, 'GenTqMeas': 11407170.0, 'NacHeading': 0.004614199, 'NacVane': -0.004614199, 'HorWindV': 8.000003, 'rootMOOP(1)': 31522530.0, 'rootMOOP(2)': 35237630.0, 'rootMOOP(3)': 35109710.0, 'FA_Acc': 0.3222845, 'NacIMU_FA_Acc': 0.002338081, 'Azimuth': 3.73438}
2024-02-20 12:41:04,103: Received setpoints {'ZMQ_YawOffset': 0.0, 'ZMQ_PitOffset(1)': 0.0, 'ZMQ_PitOffset(2)': 0.0, 'ZMQ_PitOffset(3)': 0.0} from wfc_controller for time = 7.0 and id = 1
2024-02-20 12:41:04,103: Sent setpoints {'ZMQ_TorqueOffset': 0, 'ZMQ_YawOffset': 0.0, 'ZMQ_PitOffset(1)': 0.0, 'ZMQ_PitOffset(2)': 0.0, 'ZMQ_PitOffset(3)': 0.0} to id = 1
2024-02-20 12:41:04,918: Received message (formatted): {'ZMQ_ID': 1.0, 'iStatus': 1.0, 'Time': 8.0, 'VS_MechGenPwr': 6676906.0, 'VS_GenPwr': 6437462.0, 'GenSpeed': 0.5635458, 'RotSpeed': 0.5635458, 'GenTqMeas': 11833250.0, 'NacHeading': 0.008770975, 'NacVane': -0.008770975, 'HorWindV': 8.000003, 'rootMOOP(1)': 32591300.0, 'rootMOOP(2)': 35863220.0, 'rootMOOP(3)': 34089950.0, 'FA_Acc': -0.1129819, 'NacIMU_FA_Acc': -0.0008998899, 'Azimuth': 4.295737}
2024-02-20 12:41:04,919: Received setpoints {'ZMQ_YawOffset': 0.0, 'ZMQ_PitOffset(1)': 0.0, 'ZMQ_PitOffset(2)': 0.0, 'ZMQ_PitOffset(3)': 0.0} from wfc_controller for time = 8.0 and id = 1
2024-02-20 12:41:04,919: Sent setpoints {'ZMQ_TorqueOffset': 0, 'ZMQ_YawOffset': 0.0, 'ZMQ_PitOffset(1)': 0.0, 'ZMQ_PitOffset(2)': 0.0, 'ZMQ_PitOffset(3)': 0.0} to id = 1
2024-02-20 12:41:05,770: Received message (formatted): {'ZMQ_ID': 1.0, 'iStatus': 1.0, 'Time': 9.0, 'VS_MechGenPwr': 6864878.0, 'VS_GenPwr': 6623048.0, 'GenSpeed': 0.5630111, 'RotSpeed': 0.5630111, 'GenTqMeas': 12184750.0, 'NacHeading': 0.01169849, 'NacVane': -0.01169849, 'HorWindV': 8.000003, 'rootMOOP(1)': 33229720.0, 'rootMOOP(2)': 35423100.0, 'rootMOOP(3)': 32241850.0, 'FA_Acc': 0.3110378, 'NacIMU_FA_Acc': 0.002400039, 'Azimuth': 4.859246}
2024-02-20 12:41:05,771: Received setpoints {'ZMQ_YawOffset': 0.0, 'ZMQ_PitOffset(1)': 0.0, 'ZMQ_PitOffset(2)': 0.0, 'ZMQ_PitOffset(3)': 0.0} from wfc_controller for time = 9.0 and id = 1
2024-02-20 12:41:05,771: Sent setpoints {'ZMQ_TorqueOffset': 0, 'ZMQ_YawOffset': 0.0, 'ZMQ_PitOffset(1)': 0.0, 'ZMQ_PitOffset(2)': 0.0, 'ZMQ_PitOffset(3)': 0.0} to id = 1
2024-02-20 12:41:06,627: Received message (formatted): {'ZMQ_ID': 1.0, 'iStatus': 1.0, 'Time': 10.0, 'VS_MechGenPwr': 6961658.0, 'VS_GenPwr': 6738138.0, 'GenSpeed': 0.561731, 'RotSpeed': 0.561731, 'GenTqMeas': 12424470.0, 'NacHeading': 0.02034, 'NacVane': -0.02034, 'HorWindV': 8.000003, 'rootMOOP(1)': 33194630.0, 'rootMOOP(2)': 34422420.0, 'rootMOOP(3)': 30549100.0, 'FA_Acc': -0.05158062, 'NacIMU_FA_Acc': -0.001393592, 'Azimuth': 5.421514}
2024-02-20 12:41:06,628: Received setpoints {'ZMQ_YawOffset': 0.0, 'ZMQ_PitOffset(1)': 0.0, 'ZMQ_PitOffset(2)': 0.0, 'ZMQ_PitOffset(3)': 0.0} from wfc_controller for time = 10.0 and id = 1
2024-02-20 12:41:06,629: Sent setpoints {'ZMQ_TorqueOffset': 0, 'ZMQ_YawOffset': 0.0, 'ZMQ_PitOffset(1)': 0.0, 'ZMQ_PitOffset(2)': 0.0, 'ZMQ_PitOffset(3)': 0.0} to id = 1
2024-02-20 12:41:07,466: Received message (formatted): {'ZMQ_ID': 1.0, 'iStatus': 1.0, 'Time': 11.0, 'VS_MechGenPwr': 6998073.0, 'VS_GenPwr': 6768780.0, 'GenSpeed': 0.5575896, 'RotSpeed': 0.5575896, 'GenTqMeas': 12572240.0, 'NacHeading': 0.02613267, 'NacVane': -0.02613267, 'HorWindV': 8.000003, 'rootMOOP(1)': 33687180.0, 'rootMOOP(2)': 33327940.0, 'rootMOOP(3)': 30504670.0, 'FA_Acc': 0.2224127, 'NacIMU_FA_Acc': 0.002062452, 'Azimuth': 5.981726}
2024-02-20 12:41:07,467: Received setpoints {'ZMQ_YawOffset': -10, 'ZMQ_PitOffset(1)': 0.0, 'ZMQ_PitOffset(2)': 0.0, 'ZMQ_PitOffset(3)': 0.0} from wfc_controller for time = 11.0 and id = 1
2024-02-20 12:41:07,467: Sent setpoints {'ZMQ_TorqueOffset': 0, 'ZMQ_YawOffset': -10, 'ZMQ_PitOffset(1)': 0.0, 'ZMQ_PitOffset(2)': 0.0, 'ZMQ_PitOffset(3)': 0.0} to id = 1
2024-02-20 12:41:08,277: Received message (formatted): {'ZMQ_ID': 1.0, 'iStatus': 1.0, 'Time': 12.0, 'VS_MechGenPwr': 6944783.0, 'VS_GenPwr': 6732020.0, 'GenSpeed': 0.5530294, 'RotSpeed': 0.5530294, 'GenTqMeas': 12607560.0, 'NacHeading': 0.03683499, 'NacVane': -0.03683499, 'HorWindV': 8.000003, 'rootMOOP(1)': 32481160.0, 'rootMOOP(2)': 31984520.0, 'rootMOOP(3)': 30836320.0, 'FA_Acc': 0.03536361, 'NacIMU_FA_Acc': -0.0002496217, 'Azimuth': 0.2534785}
2024-02-20 12:41:08,278: Received setpoints {'ZMQ_YawOffset': -10, 'ZMQ_PitOffset(1)': 0.0, 'ZMQ_PitOffset(2)': 0.0, 'ZMQ_PitOffset(3)': 0.0} from wfc_controller for time = 12.0 and id = 1
2024-02-20 12:41:08,278: Sent setpoints {'ZMQ_TorqueOffset': 0, 'ZMQ_YawOffset': -10, 'ZMQ_PitOffset(1)': 0.0, 'ZMQ_PitOffset(2)': 0.0, 'ZMQ_PitOffset(3)': 0.0} to id = 1
2024-02-20 12:41:09,328: Received message (formatted): {'ZMQ_ID': 1.0, 'iStatus': 1.0, 'Time': 13.0, 'VS_MechGenPwr': 6860464.0, 'VS_GenPwr': 6649908.0, 'GenSpeed': 0.5478551, 'RotSpeed': 0.5478551, 'GenTqMeas': 12569770.0, 'NacHeading': 0.04530014, 'NacVane': -0.04530014, 'HorWindV': 8.000003, 'rootMOOP(1)': 32527220.0, 'rootMOOP(2)': 30251480.0, 'rootMOOP(3)': 31049720.0, 'FA_Acc': 0.1121539, 'NacIMU_FA_Acc': 0.0007368412, 'Azimuth': 0.8045177}
2024-02-20 12:41:09,329: Received setpoints {'ZMQ_YawOffset': -10, 'ZMQ_PitOffset(1)': 0.0, 'ZMQ_PitOffset(2)': 0.0, 'ZMQ_PitOffset(3)': 0.0} from wfc_controller for time = 13.0 and id = 1
2024-02-20 12:41:09,329: Sent setpoints {'ZMQ_TorqueOffset': 0, 'ZMQ_YawOffset': -10, 'ZMQ_PitOffset(1)': 0.0, 'ZMQ_PitOffset(2)': 0.0, 'ZMQ_PitOffset(3)': 0.0} to id = 1
2024-02-20 12:41:10,218: Received message (formatted): {'ZMQ_ID': 1.0, 'iStatus': 1.0, 'Time': 14.0, 'VS_MechGenPwr': 6703868.0, 'VS_GenPwr': 6501962.0, 'GenSpeed': 0.5403679, 'RotSpeed': 0.5403679, 'GenTqMeas': 12461310.0, 'NacHeading': 0.05983262, 'NacVane': -0.05983262, 'HorWindV': 8.000003, 'rootMOOP(1)': 31481370.0, 'rootMOOP(2)': 28722120.0, 'rootMOOP(3)': 30276210.0, 'FA_Acc': 0.05706615, 'NacIMU_FA_Acc': 0.0005009031, 'Azimuth': 1.348306}
2024-02-20 12:41:10,219: Received setpoints {'ZMQ_YawOffset': -10, 'ZMQ_PitOffset(1)': 0.0, 'ZMQ_PitOffset(2)': 0.0, 'ZMQ_PitOffset(3)': 0.0} from wfc_controller for time = 14.0 and id = 1
2024-02-20 12:41:10,221: Sent setpoints {'ZMQ_TorqueOffset': 0, 'ZMQ_YawOffset': -10, 'ZMQ_PitOffset(1)': 0.0, 'ZMQ_PitOffset(2)': 0.0, 'ZMQ_PitOffset(3)': 0.0} to id = 1
2024-02-20 12:41:11,075: Received message (formatted): {'ZMQ_ID': 1.0, 'iStatus': 1.0, 'Time': 15.0, 'VS_MechGenPwr': 6540546.0, 'VS_GenPwr': 6345820.0, 'GenSpeed': 0.5350652, 'RotSpeed': 0.5350652, 'GenTqMeas': 12281410.0, 'NacHeading': 0.07216626, 'NacVane': -0.07216626, 'HorWindV': 8.000003, 'rootMOOP(1)': 30900920.0, 'rootMOOP(2)': 28879040.0, 'rootMOOP(3)': 30570490.0, 'FA_Acc': 0.02384149, 'NacIMU_FA_Acc': -0.0004465157, 'Azimuth': 1.886331}
2024-02-20 12:41:11,076: Received setpoints {'ZMQ_YawOffset': -10, 'ZMQ_PitOffset(1)': 0.0, 'ZMQ_PitOffset(2)': 0.0, 'ZMQ_PitOffset(3)': 0.0} from wfc_controller for time = 15.0 and id = 1
2024-02-20 12:41:11,077: Sent setpoints {'ZMQ_TorqueOffset': 0, 'ZMQ_YawOffset': -10, 'ZMQ_PitOffset(1)': 0.0, 'ZMQ_PitOffset(2)': 0.0, 'ZMQ_PitOffset(3)': 0.0} to id = 1
2024-02-20 12:41:11,920: Received message (formatted): {'ZMQ_ID': 1.0, 'iStatus': 1.0, 'Time': 16.0, 'VS_MechGenPwr': 6338947.0, 'VS_GenPwr': 6145796.0, 'GenSpeed': 0.5274692, 'RotSpeed': 0.5274692, 'GenTqMeas': 12066340.0, 'NacHeading': 0.08740664, 'NacVane': -0.08740664, 'HorWindV': 8.000003, 'rootMOOP(1)': 29855820.0, 'rootMOOP(2)': 28870420.0, 'rootMOOP(3)': 29915270.0, 'FA_Acc': 0.06795011, 'NacIMU_FA_Acc': 0.00121906, 'Azimuth': 2.417396}
2024-02-20 12:41:11,921: Received setpoints {'ZMQ_YawOffset': -10, 'ZMQ_PitOffset(1)': 0.0, 'ZMQ_PitOffset(2)': 0.0, 'ZMQ_PitOffset(3)': 0.0} from wfc_controller for time = 16.0 and id = 1
2024-02-20 12:41:11,921: Sent setpoints {'ZMQ_TorqueOffset': 0, 'ZMQ_YawOffset': -10, 'ZMQ_PitOffset(1)': 0.0, 'ZMQ_PitOffset(2)': 0.0, 'ZMQ_PitOffset(3)': 0.0} to id = 1
2024-02-20 12:41:12,837: Received message (formatted): {'ZMQ_ID': 1.0, 'iStatus': 1.0, 'Time': 17.0, 'VS_MechGenPwr': 6168308.0, 'VS_GenPwr': 5979446.0, 'GenSpeed': 0.5239673, 'RotSpeed': 0.5239673, 'GenTqMeas': 11818230.0, 'NacHeading': 0.1032735, 'NacVane': -0.1032735, 'HorWindV': 8.000003, 'rootMOOP(1)': 28649630.0, 'rootMOOP(2)': 28828500.0, 'rootMOOP(3)': 29963090.0, 'FA_Acc': -0.03815984, 'NacIMU_FA_Acc': -0.001260789, 'Azimuth': 2.943152}
2024-02-20 12:41:12,838: Received setpoints {'ZMQ_YawOffset': -10, 'ZMQ_PitOffset(1)': 0.0, 'ZMQ_PitOffset(2)': 0.0, 'ZMQ_PitOffset(3)': 0.0} from wfc_controller for time = 17.0 and id = 1
2024-02-20 12:41:12,838: Sent setpoints {'ZMQ_TorqueOffset': 0, 'ZMQ_YawOffset': -10, 'ZMQ_PitOffset(1)': 0.0, 'ZMQ_PitOffset(2)': 0.0, 'ZMQ_PitOffset(3)': 0.0} to id = 1
2024-02-20 12:41:13,531: Received message (formatted): {'ZMQ_ID': 1.0, 'iStatus': 1.0, 'Time': 18.0, 'VS_MechGenPwr': 5969208.0, 'VS_GenPwr': 5784624.0, 'GenSpeed': 0.5170717, 'RotSpeed': 0.5170717, 'GenTqMeas': 11585360.0, 'NacHeading': 0.120515, 'NacVane': -0.120515, 'HorWindV': 8.000003, 'rootMOOP(1)': 27025560.0, 'rootMOOP(2)': 28397920.0, 'rootMOOP(3)': 29457460.0, 'FA_Acc': 0.02546513, 'NacIMU_FA_Acc': 0.00101473, 'Azimuth': 3.463715}
2024-02-20 12:41:13,533: Received setpoints {'ZMQ_YawOffset': -10, 'ZMQ_PitOffset(1)': 0.0, 'ZMQ_PitOffset(2)': 0.0, 'ZMQ_PitOffset(3)': 0.0} from wfc_controller for time = 18.0 and id = 1
2024-02-20 12:41:13,533: Sent setpoints {'ZMQ_TorqueOffset': 0, 'ZMQ_YawOffset': -10, 'ZMQ_PitOffset(1)': 0.0, 'ZMQ_PitOffset(2)': 0.0, 'ZMQ_PitOffset(3)': 0.0} to id = 1
2024-02-20 12:41:14,404: Received message (formatted): {'ZMQ_ID': 1.0, 'iStatus': 1.0, 'Time': 19.0, 'VS_MechGenPwr': 5809672.0, 'VS_GenPwr': 5627218.0, 'GenSpeed': 0.5143785, 'RotSpeed': 0.5143785, 'GenTqMeas': 11330060.0, 'NacHeading': 0.1392967, 'NacVane': -0.1392967, 'HorWindV': 8.000003, 'rootMOOP(1)': 27262880.0, 'rootMOOP(2)': 28392400.0, 'rootMOOP(3)': 29051080.0, 'FA_Acc': -0.06708878, 'NacIMU_FA_Acc': -0.001306734, 'Azimuth': 3.97908}
2024-02-20 12:41:14,404: Received setpoints {'ZMQ_YawOffset': -10, 'ZMQ_PitOffset(1)': 0.0, 'ZMQ_PitOffset(2)': 0.0, 'ZMQ_PitOffset(3)': 0.0} from wfc_controller for time = 19.0 and id = 1
2024-02-20 12:41:14,405: Sent setpoints {'ZMQ_TorqueOffset': 0, 'ZMQ_YawOffset': -10, 'ZMQ_PitOffset(1)': 0.0, 'ZMQ_PitOffset(2)': 0.0, 'ZMQ_PitOffset(3)': 0.0} to id = 1
2024-02-20 12:41:15,106: Received message (formatted): {'ZMQ_ID': 1.0, 'iStatus': 1.0, 'Time': 20.0, 'VS_MechGenPwr': 5654200.0, 'VS_GenPwr': 5470386.0, 'GenSpeed': 0.510157, 'RotSpeed': 0.510157, 'GenTqMeas': 11104820.0, 'NacHeading': 0.1558341, 'NacVane': -0.1558341, 'HorWindV': 8.000003, 'rootMOOP(1)': 27328630.0, 'rootMOOP(2)': 28416860.0, 'rootMOOP(3)': 28147450.0, 'FA_Acc': -0.008623858, 'NacIMU_FA_Acc': 0.0007009677, 'Azimuth': 4.491612}
2024-02-20 12:41:15,107: Received setpoints {'ZMQ_YawOffset': -10, 'ZMQ_PitOffset(1)': 0.0, 'ZMQ_PitOffset(2)': 0.0, 'ZMQ_PitOffset(3)': 0.0} from wfc_controller for time = 20.0 and id = 1
2024-02-20 12:41:15,107: Sent setpoints {'ZMQ_TorqueOffset': 0, 'ZMQ_YawOffset': -10, 'ZMQ_PitOffset(1)': 0.0, 'ZMQ_PitOffset(2)': 0.0, 'ZMQ_PitOffset(3)': 0.0} to id = 1
2024-02-20 12:41:15,815: Received message (formatted): {'ZMQ_ID': 1.0, 'iStatus': 1.0, 'Time': 21.0, 'VS_MechGenPwr': 5531642.0, 'VS_GenPwr': 5349973.0, 'GenSpeed': 0.5088674, 'RotSpeed': 0.5088674, 'GenTqMeas': 10889250.0, 'NacHeading': 0.1758798, 'NacVane': -0.1758798, 'HorWindV': 8.000003, 'rootMOOP(1)': 27452660.0, 'rootMOOP(2)': 28607390.0, 'rootMOOP(3)': 27238910.0, 'FA_Acc': -0.07569609, 'NacIMU_FA_Acc': -0.001204978, 'Azimuth': 5.000642}
2024-02-20 12:41:15,817: Received setpoints {'ZMQ_YawOffset': -10, 'ZMQ_PitOffset(1)': 0.0, 'ZMQ_PitOffset(2)': 0.0, 'ZMQ_PitOffset(3)': 0.0} from wfc_controller for time = 21.0 and id = 1
2024-02-20 12:41:15,819: Sent setpoints {'ZMQ_TorqueOffset': 0, 'ZMQ_YawOffset': -10, 'ZMQ_PitOffset(1)': 0.0, 'ZMQ_PitOffset(2)': 0.0, 'ZMQ_PitOffset(3)': 0.0} to id = 1
2024-02-20 12:41:16,563: Received message (formatted): {'ZMQ_ID': 1.0, 'iStatus': 1.0, 'Time': 22.0, 'VS_MechGenPwr': 5427566.0, 'VS_GenPwr': 5244785.0, 'GenSpeed': 0.5068315, 'RotSpeed': 0.5068315, 'GenTqMeas': 10717040.0, 'NacHeading': 0.192947, 'NacVane': -0.192947, 'HorWindV': 8.000003, 'rootMOOP(1)': 27698430.0, 'rootMOOP(2)': 28612340.0, 'rootMOOP(3)': 25837260.0, 'FA_Acc': -0.03889183, 'NacIMU_FA_Acc': 0.000216699, 'Azimuth': 5.508887}
2024-02-20 12:41:16,566: Received setpoints {'ZMQ_YawOffset': -10, 'ZMQ_PitOffset(1)': 0.0, 'ZMQ_PitOffset(2)': 0.0, 'ZMQ_PitOffset(3)': 0.0} from wfc_controller for time = 22.0 and id = 1
2024-02-20 12:41:16,566: Sent setpoints {'ZMQ_TorqueOffset': 0, 'ZMQ_YawOffset': -10, 'ZMQ_PitOffset(1)': 0.0, 'ZMQ_PitOffset(2)': 0.0, 'ZMQ_PitOffset(3)': 0.0} to id = 1
2024-02-20 12:41:17,576: Received message (formatted): {'ZMQ_ID': 1.0, 'iStatus': 1.0, 'Time': 23.0, 'VS_MechGenPwr': 5341092.0, 'VS_GenPwr': 5157910.0, 'GenSpeed': 0.5059505, 'RotSpeed': 0.5059505, 'GenTqMeas': 10559330.0, 'NacHeading': 0.212596, 'NacVane': -0.212596, 'HorWindV': 8.000003, 'rootMOOP(1)': 28189140.0, 'rootMOOP(2)': 28441460.0, 'rootMOOP(3)': 26501130.0, 'FA_Acc': -0.06869657, 'NacIMU_FA_Acc': -0.0009641317, 'Azimuth': 6.014679}
2024-02-20 12:41:17,577: Received setpoints {'ZMQ_YawOffset': -10, 'ZMQ_PitOffset(1)': 0.0, 'ZMQ_PitOffset(2)': 0.0, 'ZMQ_PitOffset(3)': 0.0} from wfc_controller for time = 23.0 and id = 1
2024-02-20 12:41:17,577: Sent setpoints {'ZMQ_TorqueOffset': 0, 'ZMQ_YawOffset': -10, 'ZMQ_PitOffset(1)': 0.0, 'ZMQ_PitOffset(2)': 0.0, 'ZMQ_PitOffset(3)': 0.0} to id = 1
2024-02-20 12:41:18,419: Received message (formatted): {'ZMQ_ID': 1.0, 'iStatus': 1.0, 'Time': 24.0, 'VS_MechGenPwr': 5296994.0, 'VS_GenPwr': 5110304.0, 'GenSpeed': 0.5071527, 'RotSpeed': 0.5071527, 'GenTqMeas': 10436240.0, 'NacHeading': 0.2279302, 'NacVane': -0.2279302, 'HorWindV': 8.000003, 'rootMOOP(1)': 28601770.0, 'rootMOOP(2)': 27876090.0, 'rootMOOP(3)': 27063010.0, 'FA_Acc': -0.02954677, 'NacIMU_FA_Acc': 0.0002860881, 'Azimuth': 0.238378}
2024-02-20 12:41:18,420: Received setpoints {'ZMQ_YawOffset': -10, 'ZMQ_PitOffset(1)': 0.0, 'ZMQ_PitOffset(2)': 0.0, 'ZMQ_PitOffset(3)': 0.0} from wfc_controller for time = 24.0 and id = 1
2024-02-20 12:41:18,421: Sent setpoints {'ZMQ_TorqueOffset': 0, 'ZMQ_YawOffset': -10, 'ZMQ_PitOffset(1)': 0.0, 'ZMQ_PitOffset(2)': 0.0, 'ZMQ_PitOffset(3)': 0.0} to id = 1
2024-02-20 12:41:19,394: Received message (formatted): {'ZMQ_ID': 1.0, 'iStatus': 1.0, 'Time': 25.0, 'VS_MechGenPwr': 5262200.0, 'VS_GenPwr': 5074604.0, 'GenSpeed': 0.5073729, 'RotSpeed': 0.5073729, 'GenTqMeas': 10359880.0, 'NacHeading': 0.2452536, 'NacVane': -0.2452536, 'HorWindV': 8.000003, 'rootMOOP(1)': 29095160.0, 'rootMOOP(2)': 27149120.0, 'rootMOOP(3)': 27728620.0, 'FA_Acc': -0.05615696, 'NacIMU_FA_Acc': -0.0008437576, 'Azimuth': 0.7452531}
2024-02-20 12:41:19,394: Received setpoints {'ZMQ_YawOffset': -10, 'ZMQ_PitOffset(1)': 0.0, 'ZMQ_PitOffset(2)': 0.0, 'ZMQ_PitOffset(3)': 0.0} from wfc_controller for time = 25.0 and id = 1
2024-02-20 12:41:19,395: Sent setpoints {'ZMQ_TorqueOffset': 0, 'ZMQ_YawOffset': -10, 'ZMQ_PitOffset(1)': 0.0, 'ZMQ_PitOffset(2)': 0.0, 'ZMQ_PitOffset(3)': 0.0} to id = 1
2024-02-20 12:41:20,201: Received message (formatted): {'ZMQ_ID': 1.0, 'iStatus': 1.0, 'Time': 26.0, 'VS_MechGenPwr': 5268702.0, 'VS_GenPwr': 5079416.0, 'GenSpeed': 0.5099152, 'RotSpeed': 0.5099152, 'GenTqMeas': 10317390.0, 'NacHeading': 0.2597206, 'NacVane': -0.2597206, 'HorWindV': 8.000003, 'rootMOOP(1)': 29227210.0, 'rootMOOP(2)': 25882180.0, 'rootMOOP(3)': 28365580.0, 'FA_Acc': -0.01184397, 'NacIMU_FA_Acc': 0.000237309, 'Azimuth': 1.254167}
2024-02-20 12:41:20,202: Received setpoints {'ZMQ_YawOffset': -10, 'ZMQ_PitOffset(1)': 0.0, 'ZMQ_PitOffset(2)': 0.0, 'ZMQ_PitOffset(3)': 0.0} from wfc_controller for time = 26.0 and id = 1
2024-02-20 12:41:20,202: Sent setpoints {'ZMQ_TorqueOffset': 0, 'ZMQ_YawOffset': -10, 'ZMQ_PitOffset(1)': 0.0, 'ZMQ_PitOffset(2)': 0.0, 'ZMQ_PitOffset(3)': 0.0} to id = 1
2024-02-20 12:41:20,914: Received message (formatted): {'ZMQ_ID': 1.0, 'iStatus': 1.0, 'Time': 27.0, 'VS_MechGenPwr': 5270154.0, 'VS_GenPwr': 5078422.0, 'GenSpeed': 0.5101534, 'RotSpeed': 0.5101534, 'GenTqMeas': 10311080.0, 'NacHeading': 0.27368, 'NacVane': -0.27368, 'HorWindV': 8.000003, 'rootMOOP(1)': 29089600.0, 'rootMOOP(2)': 26846130.0, 'rootMOOP(3)': 29129710.0, 'FA_Acc': -0.03706998, 'NacIMU_FA_Acc': -0.0007280863, 'Azimuth': 1.764012}
2024-02-20 12:41:20,915: Received setpoints {'ZMQ_YawOffset': -10, 'ZMQ_PitOffset(1)': 0.0, 'ZMQ_PitOffset(2)': 0.0, 'ZMQ_PitOffset(3)': 0.0} from wfc_controller for time = 27.0 and id = 1
2024-02-20 12:41:20,916: Sent setpoints {'ZMQ_TorqueOffset': 0, 'ZMQ_YawOffset': -10, 'ZMQ_PitOffset(1)': 0.0, 'ZMQ_PitOffset(2)': 0.0, 'ZMQ_PitOffset(3)': 0.0} to id = 1
2024-02-20 12:41:21,670: Received message (formatted): {'ZMQ_ID': 1.0, 'iStatus': 1.0, 'Time': 28.0, 'VS_MechGenPwr': 5310470.0, 'VS_GenPwr': 5116336.0, 'GenSpeed': 0.5139133, 'RotSpeed': 0.5139133, 'GenTqMeas': 10312020.0, 'NacHeading': 0.2851771, 'NacVane': -0.2851771, 'HorWindV': 8.000003, 'rootMOOP(1)': 28566800.0, 'rootMOOP(2)': 27644960.0, 'rootMOOP(3)': 29686840.0, 'FA_Acc': 0.02368409, 'NacIMU_FA_Acc': 0.0006997776, 'Azimuth': 2.276021}
2024-02-20 12:41:21,670: Received setpoints {'ZMQ_YawOffset': -10, 'ZMQ_PitOffset(1)': 0.0, 'ZMQ_PitOffset(2)': 0.0, 'ZMQ_PitOffset(3)': 0.0} from wfc_controller for time = 28.0 and id = 1
2024-02-20 12:41:21,671: Sent setpoints {'ZMQ_TorqueOffset': 0, 'ZMQ_YawOffset': -10, 'ZMQ_PitOffset(1)': 0.0, 'ZMQ_PitOffset(2)': 0.0, 'ZMQ_PitOffset(3)': 0.0} to id = 1
2024-02-20 12:41:22,435: Received message (formatted): {'ZMQ_ID': 1.0, 'iStatus': 1.0, 'Time': 29.0, 'VS_MechGenPwr': 5342248.0, 'VS_GenPwr': 5147886.0, 'GenSpeed': 0.5148835, 'RotSpeed': 0.5148835, 'GenTqMeas': 10355780.0, 'NacHeading': 0.2946503, 'NacVane': -0.2946503, 'HorWindV': 8.000003, 'rootMOOP(1)': 27890770.0, 'rootMOOP(2)': 28492080.0, 'rootMOOP(3)': 30038670.0, 'FA_Acc': -0.01160379, 'NacIMU_FA_Acc': -0.0005226125, 'Azimuth': 2.790544}
2024-02-20 12:41:22,436: Received setpoints {'ZMQ_YawOffset': -10, 'ZMQ_PitOffset(1)': 0.0, 'ZMQ_PitOffset(2)': 0.0, 'ZMQ_PitOffset(3)': 0.0} from wfc_controller for time = 29.0 and id = 1
2024-02-20 12:41:22,436: Sent setpoints {'ZMQ_TorqueOffset': 0, 'ZMQ_YawOffset': -10, 'ZMQ_PitOffset(1)': 0.0, 'ZMQ_PitOffset(2)': 0.0, 'ZMQ_PitOffset(3)': 0.0} to id = 1
2024-02-20 12:41:23,216: Received message (formatted): {'ZMQ_ID': 1.0, 'iStatus': 1.0, 'Time': 30.0, 'VS_MechGenPwr': 5393052.0, 'VS_GenPwr': 5199117.0, 'GenSpeed': 0.517664, 'RotSpeed': 0.517664, 'GenTqMeas': 10402980.0, 'NacHeading': 0.3039824, 'NacVane': -0.3039824, 'HorWindV': 8.000003, 'rootMOOP(1)': 26522710.0, 'rootMOOP(2)': 29228890.0, 'rootMOOP(3)': 30158290.0, 'FA_Acc': 0.03860534, 'NacIMU_FA_Acc': 0.0004907661, 'Azimuth': 3.306717}
2024-02-20 12:41:23,216: Received setpoints {'ZMQ_YawOffset': -10, 'ZMQ_PitOffset(1)': 0.0, 'ZMQ_PitOffset(2)': 0.0, 'ZMQ_PitOffset(3)': 0.0} from wfc_controller for time = 30.0 and id = 1
2024-02-20 12:41:23,217: Sent setpoints {'ZMQ_TorqueOffset': 0, 'ZMQ_YawOffset': -10, 'ZMQ_PitOffset(1)': 0.0, 'ZMQ_PitOffset(2)': 0.0, 'ZMQ_PitOffset(3)': 0.0} to id = 1
2024-02-20 12:41:24,091: Received message (formatted): {'ZMQ_ID': 1.0, 'iStatus': 1.0, 'Time': 31.0, 'VS_MechGenPwr': 5430668.0, 'VS_GenPwr': 5235020.0, 'GenSpeed': 0.5182053, 'RotSpeed': 0.5182053, 'GenTqMeas': 10463240.0, 'NacHeading': 0.3096135, 'NacVane': -0.3096135, 'HorWindV': 8.000003, 'rootMOOP(1)': 27429770.0, 'rootMOOP(2)': 29722830.0, 'rootMOOP(3)': 29835330.0, 'FA_Acc': 0.01488412, 'NacIMU_FA_Acc': -0.0001279957, 'Azimuth': 3.824951}
2024-02-20 12:41:24,093: Received setpoints {'ZMQ_YawOffset': -10, 'ZMQ_PitOffset(1)': 0.0, 'ZMQ_PitOffset(2)': 0.0, 'ZMQ_PitOffset(3)': 0.0} from wfc_controller for time = 31.0 and id = 1
2024-02-20 12:41:24,093: Sent setpoints {'ZMQ_TorqueOffset': 0, 'ZMQ_YawOffset': -10, 'ZMQ_PitOffset(1)': 0.0, 'ZMQ_PitOffset(2)': 0.0, 'ZMQ_PitOffset(3)': 0.0} to id = 1
2024-02-20 12:41:25,271: Received message (formatted): {'ZMQ_ID': 1.0, 'iStatus': 1.0, 'Time': 32.0, 'VS_MechGenPwr': 5469854.0, 'VS_GenPwr': 5274602.0, 'GenSpeed': 0.5201841, 'RotSpeed': 0.5201841, 'GenTqMeas': 10502940.0, 'NacHeading': 0.3151941, 'NacVane': -0.3151941, 'HorWindV': 8.000003, 'rootMOOP(1)': 28119060.0, 'rootMOOP(2)': 30245690.0, 'rootMOOP(3)': 29211960.0, 'FA_Acc': 0.04796293, 'NacIMU_FA_Acc': 0.0005255245, 'Azimuth': 4.343828}
2024-02-20 12:41:25,275: Received setpoints {'ZMQ_YawOffset': -10, 'ZMQ_PitOffset(1)': 0.0, 'ZMQ_PitOffset(2)': 0.0, 'ZMQ_PitOffset(3)': 0.0} from wfc_controller for time = 32.0 and id = 1
2024-02-20 12:41:25,276: Sent setpoints {'ZMQ_TorqueOffset': 0, 'ZMQ_YawOffset': -10, 'ZMQ_PitOffset(1)': 0.0, 'ZMQ_PitOffset(2)': 0.0, 'ZMQ_PitOffset(3)': 0.0} to id = 1
2024-02-20 12:41:26,351: Received message (formatted): {'ZMQ_ID': 1.0, 'iStatus': 1.0, 'Time': 33.0, 'VS_MechGenPwr': 5501803.0, 'VS_GenPwr': 5307910.0, 'GenSpeed': 0.5211185, 'RotSpeed': 0.5211185, 'GenTqMeas': 10549340.0, 'NacHeading': 0.3169354, 'NacVane': -0.3169354, 'HorWindV': 8.000003, 'rootMOOP(1)': 28707380.0, 'rootMOOP(2)': 30250340.0, 'rootMOOP(3)': 28422740.0, 'FA_Acc': 0.03970794, 'NacIMU_FA_Acc': 0.0003555245, 'Azimuth': 4.864866}
2024-02-20 12:41:26,351: Received setpoints {'ZMQ_YawOffset': -10, 'ZMQ_PitOffset(1)': 0.0, 'ZMQ_PitOffset(2)': 0.0, 'ZMQ_PitOffset(3)': 0.0} from wfc_controller for time = 33.0 and id = 1
2024-02-20 12:41:26,351: Sent setpoints {'ZMQ_TorqueOffset': 0, 'ZMQ_YawOffset': -10, 'ZMQ_PitOffset(1)': 0.0, 'ZMQ_PitOffset(2)': 0.0, 'ZMQ_PitOffset(3)': 0.0} to id = 1
2024-02-20 12:41:27,395: Received message (formatted): {'ZMQ_ID': 1.0, 'iStatus': 1.0, 'Time': 34.0, 'VS_MechGenPwr': 5514600.0, 'VS_GenPwr': 5324557.0, 'GenSpeed': 0.5210551, 'RotSpeed': 0.5210551, 'GenTqMeas': 10584280.0, 'NacHeading': 0.3201572, 'NacVane': -0.3201572, 'HorWindV': 8.000003, 'rootMOOP(1)': 29217270.0, 'rootMOOP(2)': 30286920.0, 'rootMOOP(3)': 26891350.0, 'FA_Acc': 0.02907062, 'NacIMU_FA_Acc': -0.0001170075, 'Azimuth': 5.385752}
2024-02-20 12:41:27,396: Received setpoints {'ZMQ_YawOffset': -10, 'ZMQ_PitOffset(1)': 0.0, 'ZMQ_PitOffset(2)': 0.0, 'ZMQ_PitOffset(3)': 0.0} from wfc_controller for time = 34.0 and id = 1
2024-02-20 12:41:27,396: Sent setpoints {'ZMQ_TorqueOffset': 0, 'ZMQ_YawOffset': -10, 'ZMQ_PitOffset(1)': 0.0, 'ZMQ_PitOffset(2)': 0.0, 'ZMQ_PitOffset(3)': 0.0} to id = 1
2024-02-20 12:41:28,447: Received message (formatted): {'ZMQ_ID': 1.0, 'iStatus': 1.0, 'Time': 35.0, 'VS_MechGenPwr': 5526609.0, 'VS_GenPwr': 5334738.0, 'GenSpeed': 0.5213261, 'RotSpeed': 0.5213261, 'GenTqMeas': 10598380.0, 'NacHeading': 0.3198982, 'NacVane': -0.3198982, 'HorWindV': 8.000003, 'rootMOOP(1)': 29383710.0, 'rootMOOP(2)': 29854860.0, 'rootMOOP(3)': 27490370.0, 'FA_Acc': 0.04831765, 'NacIMU_FA_Acc': 0.0007161446, 'Azimuth': 5.907259}
2024-02-20 12:41:28,449: Received setpoints {'ZMQ_YawOffset': -10, 'ZMQ_PitOffset(1)': 0.0, 'ZMQ_PitOffset(2)': 0.0, 'ZMQ_PitOffset(3)': 0.0} from wfc_controller for time = 35.0 and id = 1
2024-02-20 12:41:28,452: Sent setpoints {'ZMQ_TorqueOffset': 0, 'ZMQ_YawOffset': -10, 'ZMQ_PitOffset(1)': 0.0, 'ZMQ_PitOffset(2)': 0.0, 'ZMQ_PitOffset(3)': 0.0} to id = 1
2024-02-20 12:41:29,482: Received message (formatted): {'ZMQ_ID': 1.0, 'iStatus': 1.0, 'Time': 36.0, 'VS_MechGenPwr': 5510979.0, 'VS_GenPwr': 5322318.0, 'GenSpeed': 0.5204862, 'RotSpeed': 0.5204862, 'GenTqMeas': 10591230.0, 'NacHeading': 0.320071, 'NacVane': -0.320071, 'HorWindV': 8.000003, 'rootMOOP(1)': 29661760.0, 'rootMOOP(2)': 29199110.0, 'rootMOOP(3)': 27944970.0, 'FA_Acc': 0.01366472, 'NacIMU_FA_Acc': -0.0002151145, 'Azimuth': 0.1447458}
2024-02-20 12:41:29,482: Received setpoints {'ZMQ_YawOffset': -10, 'ZMQ_PitOffset(1)': 0.0, 'ZMQ_PitOffset(2)': 0.0, 'ZMQ_PitOffset(3)': 0.0} from wfc_controller for time = 36.0 and id = 1
2024-02-20 12:41:29,484: Sent setpoints {'ZMQ_TorqueOffset': 0, 'ZMQ_YawOffset': -10, 'ZMQ_PitOffset(1)': 0.0, 'ZMQ_PitOffset(2)': 0.0, 'ZMQ_PitOffset(3)': 0.0} to id = 1
2024-02-20 12:41:30,582: Received message (formatted): {'ZMQ_ID': 1.0, 'iStatus': 1.0, 'Time': 37.0, 'VS_MechGenPwr': 5505370.0, 'VS_GenPwr': 5317210.0, 'GenSpeed': 0.5211111, 'RotSpeed': 0.5211111, 'GenTqMeas': 10567960.0, 'NacHeading': 0.3182801, 'NacVane': -0.3182801, 'HorWindV': 8.000003, 'rootMOOP(1)': 29678490.0, 'rootMOOP(2)': 28295550.0, 'rootMOOP(3)': 28239680.0, 'FA_Acc': 0.04130846, 'NacIMU_FA_Acc': 0.0008024282, 'Azimuth': 0.6657219}
2024-02-20 12:41:30,583: Received setpoints {'ZMQ_YawOffset': -10, 'ZMQ_PitOffset(1)': 0.0, 'ZMQ_PitOffset(2)': 0.0, 'ZMQ_PitOffset(3)': 0.0} from wfc_controller for time = 37.0 and id = 1
2024-02-20 12:41:30,583: Sent setpoints {'ZMQ_TorqueOffset': 0, 'ZMQ_YawOffset': -10, 'ZMQ_PitOffset(1)': 0.0, 'ZMQ_PitOffset(2)': 0.0, 'ZMQ_PitOffset(3)': 0.0} to id = 1
2024-02-20 12:41:31,660: Received message (formatted): {'ZMQ_ID': 1.0, 'iStatus': 1.0, 'Time': 38.0, 'VS_MechGenPwr': 5469573.0, 'VS_GenPwr': 5286802.0, 'GenSpeed': 0.519215, 'RotSpeed': 0.519215, 'GenTqMeas': 10545860.0, 'NacHeading': 0.3174616, 'NacVane': -0.3174616, 'HorWindV': 8.000003, 'rootMOOP(1)': 29644400.0, 'rootMOOP(2)': 26757630.0, 'rootMOOP(3)': 28463620.0, 'FA_Acc': -0.0127332, 'NacIMU_FA_Acc': -0.0005834415, 'Azimuth': 1.185912}
2024-02-20 12:41:31,661: Received setpoints {'ZMQ_YawOffset': -10, 'ZMQ_PitOffset(1)': 0.0, 'ZMQ_PitOffset(2)': 0.0, 'ZMQ_PitOffset(3)': 0.0} from wfc_controller for time = 38.0 and id = 1
2024-02-20 12:41:31,661: Sent setpoints {'ZMQ_TorqueOffset': 0, 'ZMQ_YawOffset': -10, 'ZMQ_PitOffset(1)': 0.0, 'ZMQ_PitOffset(2)': 0.0, 'ZMQ_PitOffset(3)': 0.0} to id = 1
2024-02-20 12:41:32,625: Received message (formatted): {'ZMQ_ID': 1.0, 'iStatus': 1.0, 'Time': 39.0, 'VS_MechGenPwr': 5449665.0, 'VS_GenPwr': 5263344.0, 'GenSpeed': 0.5192922, 'RotSpeed': 0.5192922, 'GenTqMeas': 10497790.0, 'NacHeading': 0.3161041, 'NacVane': -0.3161041, 'HorWindV': 8.000003, 'rootMOOP(1)': 29383640.0, 'rootMOOP(2)': 27121140.0, 'rootMOOP(3)': 28675080.0, 'FA_Acc': 0.01519186, 'NacIMU_FA_Acc': 0.0005009503, 'Azimuth': 1.70515}
2024-02-20 12:41:32,625: Received setpoints {'ZMQ_YawOffset': -10, 'ZMQ_PitOffset(1)': 0.0, 'ZMQ_PitOffset(2)': 0.0, 'ZMQ_PitOffset(3)': 0.0} from wfc_controller for time = 39.0 and id = 1
2024-02-20 12:41:32,626: Sent setpoints {'ZMQ_TorqueOffset': 0, 'ZMQ_YawOffset': -10, 'ZMQ_PitOffset(1)': 0.0, 'ZMQ_PitOffset(2)': 0.0, 'ZMQ_PitOffset(3)': 0.0} to id = 1
2024-02-20 12:41:33,592: Received message (formatted): {'ZMQ_ID': 1.0, 'iStatus': 1.0, 'Time': 40.0, 'VS_MechGenPwr': 5409819.0, 'VS_GenPwr': 5225974.0, 'GenSpeed': 0.5180334, 'RotSpeed': 0.5180334, 'GenTqMeas': 10448340.0, 'NacHeading': 0.3140496, 'NacVane': -0.3140496, 'HorWindV': 8.000003, 'rootMOOP(1)': 28812970.0, 'rootMOOP(2)': 27478630.0, 'rootMOOP(3)': 28811390.0, 'FA_Acc': -0.01754481, 'NacIMU_FA_Acc': -0.0001845394, 'Azimuth': 2.223861}
2024-02-20 12:41:33,593: Received setpoints {'ZMQ_YawOffset': -10, 'ZMQ_PitOffset(1)': 0.0, 'ZMQ_PitOffset(2)': 0.0, 'ZMQ_PitOffset(3)': 0.0} from wfc_controller for time = 40.0 and id = 1
2024-02-20 12:41:33,594: Sent setpoints {'ZMQ_TorqueOffset': 0, 'ZMQ_YawOffset': -10, 'ZMQ_PitOffset(1)': 0.0, 'ZMQ_PitOffset(2)': 0.0, 'ZMQ_PitOffset(3)': 0.0} to id = 1
2024-02-20 12:41:34,561: Received message (formatted): {'ZMQ_ID': 1.0, 'iStatus': 1.0, 'Time': 41.0, 'VS_MechGenPwr': 5389532.0, 'VS_GenPwr': 5204779.0, 'GenSpeed': 0.518699, 'RotSpeed': 0.518699, 'GenTqMeas': 10393080.0, 'NacHeading': 0.3130852, 'NacVane': -0.3130852, 'HorWindV': 8.000003, 'rootMOOP(1)': 27981230.0, 'rootMOOP(2)': 27772300.0, 'rootMOOP(3)': 29134760.0, 'FA_Acc': -0.01608548, 'NacIMU_FA_Acc': 3.540456e-05, 'Azimuth': 2.742061}
2024-02-20 12:41:34,563: Received setpoints {'ZMQ_YawOffset': -10, 'ZMQ_PitOffset(1)': 0.0, 'ZMQ_PitOffset(2)': 0.0, 'ZMQ_PitOffset(3)': 0.0} from wfc_controller for time = 41.0 and id = 1
2024-02-20 12:41:34,564: Sent setpoints {'ZMQ_TorqueOffset': 0, 'ZMQ_YawOffset': -10, 'ZMQ_PitOffset(1)': 0.0, 'ZMQ_PitOffset(2)': 0.0, 'ZMQ_PitOffset(3)': 0.0} to id = 1
2024-02-20 12:41:35,397: Received message (formatted): {'ZMQ_ID': 1.0, 'iStatus': 1.0, 'Time': 42.0, 'VS_MechGenPwr': 5360370.0, 'VS_GenPwr': 5179152.0, 'GenSpeed': 0.5177851, 'RotSpeed': 0.5177851, 'GenTqMeas': 10359490.0, 'NacHeading': 0.3117283, 'NacVane': -0.3117283, 'HorWindV': 8.000003, 'rootMOOP(1)': 26558780.0, 'rootMOOP(2)': 27989640.0, 'rootMOOP(3)': 29180230.0, 'FA_Acc': -0.02896837, 'NacIMU_FA_Acc': -0.0001362953, 'Azimuth': 3.26058}
2024-02-20 12:41:35,397: Received setpoints {'ZMQ_YawOffset': -10, 'ZMQ_PitOffset(1)': 0.0, 'ZMQ_PitOffset(2)': 0.0, 'ZMQ_PitOffset(3)': 0.0} from wfc_controller for time = 42.0 and id = 1
2024-02-20 12:41:35,399: Sent setpoints {'ZMQ_TorqueOffset': 0, 'ZMQ_YawOffset': -10, 'ZMQ_PitOffset(1)': 0.0, 'ZMQ_PitOffset(2)': 0.0, 'ZMQ_PitOffset(3)': 0.0} to id = 1
2024-02-20 12:41:36,436: Received message (formatted): {'ZMQ_ID': 1.0, 'iStatus': 1.0, 'Time': 43.0, 'VS_MechGenPwr': 5347726.0, 'VS_GenPwr': 5161868.0, 'GenSpeed': 0.5180482, 'RotSpeed': 0.5180482, 'GenTqMeas': 10320600.0, 'NacHeading': 0.312347, 'NacVane': -0.312347, 'HorWindV': 8.000003, 'rootMOOP(1)': 26922200.0, 'rootMOOP(2)': 28424480.0, 'rootMOOP(3)': 29156450.0, 'FA_Acc': -0.04373429, 'NacIMU_FA_Acc': -0.0004292154, 'Azimuth': 3.778232}
2024-02-20 12:41:36,436: Received setpoints {'ZMQ_YawOffset': -10, 'ZMQ_PitOffset(1)': 0.0, 'ZMQ_PitOffset(2)': 0.0, 'ZMQ_PitOffset(3)': 0.0} from wfc_controller for time = 43.0 and id = 1
2024-02-20 12:41:36,438: Sent setpoints {'ZMQ_TorqueOffset': 0, 'ZMQ_YawOffset': -10, 'ZMQ_PitOffset(1)': 0.0, 'ZMQ_PitOffset(2)': 0.0, 'ZMQ_PitOffset(3)': 0.0} to id = 1
2024-02-20 12:41:37,413: Received message (formatted): {'ZMQ_ID': 1.0, 'iStatus': 1.0, 'Time': 44.0, 'VS_MechGenPwr': 5342322.0, 'VS_GenPwr': 5155273.0, 'GenSpeed': 0.5186904, 'RotSpeed': 0.5186904, 'GenTqMeas': 10294070.0, 'NacHeading': 0.3111746, 'NacVane': -0.3111746, 'HorWindV': 8.000003, 'rootMOOP(1)': 27386200.0, 'rootMOOP(2)': 28736960.0, 'rootMOOP(3)': 28727720.0, 'FA_Acc': -0.02586865, 'NacIMU_FA_Acc': 0.00025231, 'Azimuth': 4.296806}
2024-02-20 12:41:37,414: Received setpoints {'ZMQ_YawOffset': -10, 'ZMQ_PitOffset(1)': 0.0, 'ZMQ_PitOffset(2)': 0.0, 'ZMQ_PitOffset(3)': 0.0} from wfc_controller for time = 44.0 and id = 1
2024-02-20 12:41:37,414: Sent setpoints {'ZMQ_TorqueOffset': 0, 'ZMQ_YawOffset': -10, 'ZMQ_PitOffset(1)': 0.0, 'ZMQ_PitOffset(2)': 0.0, 'ZMQ_PitOffset(3)': 0.0} to id = 1
2024-02-20 12:41:38,483: Received message (formatted): {'ZMQ_ID': 1.0, 'iStatus': 1.0, 'Time': 45.0, 'VS_MechGenPwr': 5348186.0, 'VS_GenPwr': 5159798.0, 'GenSpeed': 0.5196773, 'RotSpeed': 0.5196773, 'GenTqMeas': 10284240.0, 'NacHeading': 0.3122824, 'NacVane': -0.3122824, 'HorWindV': 8.000003, 'rootMOOP(1)': 27877950.0, 'rootMOOP(2)': 29260670.0, 'rootMOOP(3)': 28047770.0, 'FA_Acc': -0.05356042, 'NacIMU_FA_Acc': -0.0005780184, 'Azimuth': 4.815711}
2024-02-20 12:41:38,484: Received setpoints {'ZMQ_YawOffset': -10, 'ZMQ_PitOffset(1)': 0.0, 'ZMQ_PitOffset(2)': 0.0, 'ZMQ_PitOffset(3)': 0.0} from wfc_controller for time = 45.0 and id = 1
2024-02-20 12:41:38,484: Sent setpoints {'ZMQ_TorqueOffset': 0, 'ZMQ_YawOffset': -10, 'ZMQ_PitOffset(1)': 0.0, 'ZMQ_PitOffset(2)': 0.0, 'ZMQ_PitOffset(3)': 0.0} to id = 1
2024-02-20 12:41:39,407: Received message (formatted): {'ZMQ_ID': 1.0, 'iStatus': 1.0, 'Time': 46.0, 'VS_MechGenPwr': 5369800.0, 'VS_GenPwr': 5182310.0, 'GenSpeed': 0.5210429, 'RotSpeed': 0.5210429, 'GenTqMeas': 10301320.0, 'NacHeading': 0.3124055, 'NacVane': -0.3124055, 'HorWindV': 8.000003, 'rootMOOP(1)': 28332620.0, 'rootMOOP(2)': 29493190.0, 'rootMOOP(3)': 26773090.0, 'FA_Acc': -0.0322617, 'NacIMU_FA_Acc': 0.0001151697, 'Azimuth': 5.336375}
2024-02-20 12:41:39,407: Received setpoints {'ZMQ_YawOffset': -10, 'ZMQ_PitOffset(1)': 0.0, 'ZMQ_PitOffset(2)': 0.0, 'ZMQ_PitOffset(3)': 0.0} from wfc_controller for time = 46.0 and id = 1
2024-02-20 12:41:39,409: Sent setpoints {'ZMQ_TorqueOffset': 0, 'ZMQ_YawOffset': -10, 'ZMQ_PitOffset(1)': 0.0, 'ZMQ_PitOffset(2)': 0.0, 'ZMQ_PitOffset(3)': 0.0} to id = 1
2024-02-20 12:41:40,442: Received message (formatted): {'ZMQ_ID': 1.0, 'iStatus': 1.0, 'Time': 47.0, 'VS_MechGenPwr': 5395732.0, 'VS_GenPwr': 5203144.0, 'GenSpeed': 0.5215616, 'RotSpeed': 0.5215616, 'GenTqMeas': 10333200.0, 'NacHeading': 0.3142792, 'NacVane': -0.3142792, 'HorWindV': 8.000003, 'rootMOOP(1)': 28956040.0, 'rootMOOP(2)': 29553520.0, 'rootMOOP(3)': 27235280.0, 'FA_Acc': -0.0543165, 'NacIMU_FA_Acc': -0.000619242, 'Azimuth': 5.857469}
2024-02-20 12:41:40,443: Received setpoints {'ZMQ_YawOffset': -10, 'ZMQ_PitOffset(1)': 0.0, 'ZMQ_PitOffset(2)': 0.0, 'ZMQ_PitOffset(3)': 0.0} from wfc_controller for time = 47.0 and id = 1
2024-02-20 12:41:40,444: Sent setpoints {'ZMQ_TorqueOffset': 0, 'ZMQ_YawOffset': -10, 'ZMQ_PitOffset(1)': 0.0, 'ZMQ_PitOffset(2)': 0.0, 'ZMQ_PitOffset(3)': 0.0} to id = 1
2024-02-20 12:41:41,429: Received message (formatted): {'ZMQ_ID': 1.0, 'iStatus': 1.0, 'Time': 48.0, 'VS_MechGenPwr': 5445196.0, 'VS_GenPwr': 5248872.0, 'GenSpeed': 0.524158, 'RotSpeed': 0.524158, 'GenTqMeas': 10372100.0, 'NacHeading': 0.3144066, 'NacVane': -0.3144066, 'HorWindV': 8.000003, 'rootMOOP(1)': 29480950.0, 'rootMOOP(2)': 29227160.0, 'rootMOOP(3)': 27883750.0, 'FA_Acc': -0.02076436, 'NacIMU_FA_Acc': 0.0003166875, 'Azimuth': 0.09725094}
2024-02-20 12:41:41,429: Received setpoints {'ZMQ_YawOffset': -10, 'ZMQ_PitOffset(1)': 0.0, 'ZMQ_PitOffset(2)': 0.0, 'ZMQ_PitOffset(3)': 0.0} from wfc_controller for time = 48.0 and id = 1
2024-02-20 12:41:41,430: Sent setpoints {'ZMQ_TorqueOffset': 0, 'ZMQ_YawOffset': -10, 'ZMQ_PitOffset(1)': 0.0, 'ZMQ_PitOffset(2)': 0.0, 'ZMQ_PitOffset(3)': 0.0} to id = 1
2024-02-20 12:41:42,371: Received message (formatted): {'ZMQ_ID': 1.0, 'iStatus': 1.0, 'Time': 49.0, 'VS_MechGenPwr': 5491884.0, 'VS_GenPwr': 5294436.0, 'GenSpeed': 0.5253362, 'RotSpeed': 0.5253362, 'GenTqMeas': 10438840.0, 'NacHeading': 0.3150694, 'NacVane': -0.3150694, 'HorWindV': 8.000003, 'rootMOOP(1)': 30042040.0, 'rootMOOP(2)': 28605900.0, 'rootMOOP(3)': 28579430.0, 'FA_Acc': -0.03955486, 'NacIMU_FA_Acc': -0.0004477043, 'Azimuth': 0.621911}
2024-02-20 12:41:42,382: Received setpoints {'ZMQ_YawOffset': -10, 'ZMQ_PitOffset(1)': 0.0, 'ZMQ_PitOffset(2)': 0.0, 'ZMQ_PitOffset(3)': 0.0} from wfc_controller for time = 49.0 and id = 1
2024-02-20 12:41:42,382: Sent setpoints {'ZMQ_TorqueOffset': 0, 'ZMQ_YawOffset': -10, 'ZMQ_PitOffset(1)': 0.0, 'ZMQ_PitOffset(2)': 0.0, 'ZMQ_PitOffset(3)': 0.0} to id = 1
2024-02-20 12:41:43,323: Received message (formatted): {'ZMQ_ID': 1.0, 'iStatus': 1.0, 'Time': 50.0, 'VS_MechGenPwr': 5557938.0, 'VS_GenPwr': 5360650.0, 'GenSpeed': 0.5277971, 'RotSpeed': 0.5277971, 'GenTqMeas': 10519880.0, 'NacHeading': 0.3153764, 'NacVane': -0.3153764, 'HorWindV': 8.000003, 'rootMOOP(1)': 30335150.0, 'rootMOOP(2)': 27370730.0, 'rootMOOP(3)': 29191580.0, 'FA_Acc': -0.01660849, 'NacIMU_FA_Acc': 0.0001980482, 'Azimuth': 1.148593}
2024-02-20 12:41:43,323: Received setpoints {'ZMQ_YawOffset': -10, 'ZMQ_PitOffset(1)': 0.0, 'ZMQ_PitOffset(2)': 0.0, 'ZMQ_PitOffset(3)': 0.0} from wfc_controller for time = 50.0 and id = 1
2024-02-20 12:41:43,324: Sent setpoints {'ZMQ_TorqueOffset': 0, 'ZMQ_YawOffset': -10, 'ZMQ_PitOffset(1)': 0.0, 'ZMQ_PitOffset(2)': 0.0, 'ZMQ_PitOffset(3)': 0.0} to id = 1
2024-02-20 12:41:44,365: Received message (formatted): {'ZMQ_ID': 1.0, 'iStatus': 1.0, 'Time': 51.0, 'VS_MechGenPwr': 5617326.0, 'VS_GenPwr': 5415203.0, 'GenSpeed': 0.528342, 'RotSpeed': 0.528342, 'GenTqMeas': 10616030.0, 'NacHeading': 0.3148153, 'NacVane': -0.3148153, 'HorWindV': 8.000003, 'rootMOOP(1)': 30345170.0, 'rootMOOP(2)': 27934890.0, 'rootMOOP(3)': 29868300.0, 'FA_Acc': -0.02959484, 'NacIMU_FA_Acc': -0.0004301345, 'Azimuth': 1.67673}
2024-02-20 12:41:44,366: Received setpoints {'ZMQ_YawOffset': -10, 'ZMQ_PitOffset(1)': 0.0, 'ZMQ_PitOffset(2)': 0.0, 'ZMQ_PitOffset(3)': 0.0} from wfc_controller for time = 51.0 and id = 1
2024-02-20 12:41:44,366: Sent setpoints {'ZMQ_TorqueOffset': 0, 'ZMQ_YawOffset': -10, 'ZMQ_PitOffset(1)': 0.0, 'ZMQ_PitOffset(2)': 0.0, 'ZMQ_PitOffset(3)': 0.0} to id = 1
2024-02-20 12:41:45,263: Received message (formatted): {'ZMQ_ID': 1.0, 'iStatus': 1.0, 'Time': 52.0, 'VS_MechGenPwr': 5691013.0, 'VS_GenPwr': 5485661.0, 'GenSpeed': 0.5309094, 'RotSpeed': 0.5309094, 'GenTqMeas': 10702420.0, 'NacHeading': 0.3132925, 'NacVane': -0.3132925, 'HorWindV': 8.000003, 'rootMOOP(1)': 29978400.0, 'rootMOOP(2)': 28638820.0, 'rootMOOP(3)': 30411010.0, 'FA_Acc': 0.004471761, 'NacIMU_FA_Acc': 0.0004831933, 'Azimuth': 2.206239}
2024-02-20 12:41:45,265: Received setpoints {'ZMQ_YawOffset': -10, 'ZMQ_PitOffset(1)': 0.0, 'ZMQ_PitOffset(2)': 0.0, 'ZMQ_PitOffset(3)': 0.0} from wfc_controller for time = 52.0 and id = 1
2024-02-20 12:41:45,265: Sent setpoints {'ZMQ_TorqueOffset': 0, 'ZMQ_YawOffset': -10, 'ZMQ_PitOffset(1)': 0.0, 'ZMQ_PitOffset(2)': 0.0, 'ZMQ_PitOffset(3)': 0.0} to id = 1
2024-02-20 12:41:46,298: Received message (formatted): {'ZMQ_ID': 1.0, 'iStatus': 1.0, 'Time': 53.0, 'VS_MechGenPwr': 5755232.0, 'VS_GenPwr': 5549854.0, 'GenSpeed': 0.5319496, 'RotSpeed': 0.5319496, 'GenTqMeas': 10805960.0, 'NacHeading': 0.3095523, 'NacVane': -0.3095523, 'HorWindV': 8.000003, 'rootMOOP(1)': 29323390.0, 'rootMOOP(2)': 29358880.0, 'rootMOOP(3)': 30871930.0, 'FA_Acc': -0.01585417, 'NacIMU_FA_Acc': -0.0002892377, 'Azimuth': 2.737848}
2024-02-20 12:41:46,299: Received setpoints {'ZMQ_YawOffset': -10, 'ZMQ_PitOffset(1)': 0.0, 'ZMQ_PitOffset(2)': 0.0, 'ZMQ_PitOffset(3)': 0.0} from wfc_controller for time = 53.0 and id = 1
2024-02-20 12:41:46,299: Sent setpoints {'ZMQ_TorqueOffset': 0, 'ZMQ_YawOffset': -10, 'ZMQ_PitOffset(1)': 0.0, 'ZMQ_PitOffset(2)': 0.0, 'ZMQ_PitOffset(3)': 0.0} to id = 1
2024-02-20 12:41:47,339: Received message (formatted): {'ZMQ_ID': 1.0, 'iStatus': 1.0, 'Time': 54.0, 'VS_MechGenPwr': 5820304.0, 'VS_GenPwr': 5615765.0, 'GenSpeed': 0.5332439, 'RotSpeed': 0.5332439, 'GenTqMeas': 10908010.0, 'NacHeading': 0.3061584, 'NacVane': -0.3061584, 'HorWindV': 8.000003, 'rootMOOP(1)': 27918890.0, 'rootMOOP(2)': 29939630.0, 'rootMOOP(3)': 31098200.0, 'FA_Acc': 0.009406252, 'NacIMU_FA_Acc': 0.0003076381, 'Azimuth': 3.27038}
2024-02-20 12:41:47,339: Received setpoints {'ZMQ_YawOffset': -10, 'ZMQ_PitOffset(1)': 0.0, 'ZMQ_PitOffset(2)': 0.0, 'ZMQ_PitOffset(3)': 0.0} from wfc_controller for time = 54.0 and id = 1
2024-02-20 12:41:47,340: Sent setpoints {'ZMQ_TorqueOffset': 0, 'ZMQ_YawOffset': -10, 'ZMQ_PitOffset(1)': 0.0, 'ZMQ_PitOffset(2)': 0.0, 'ZMQ_PitOffset(3)': 0.0} to id = 1
2024-02-20 12:41:48,258: Received message (formatted): {'ZMQ_ID': 1.0, 'iStatus': 1.0, 'Time': 55.0, 'VS_MechGenPwr': 5879176.0, 'VS_GenPwr': 5670666.0, 'GenSpeed': 0.5336202, 'RotSpeed': 0.5336202, 'GenTqMeas': 11006500.0, 'NacHeading': 0.2996889, 'NacVane': -0.2996889, 'HorWindV': 8.000003, 'rootMOOP(1)': 28568360.0, 'rootMOOP(2)': 30471590.0, 'rootMOOP(3)': 30993570.0, 'FA_Acc': -0.007921405, 'NacIMU_FA_Acc': -0.0002382211, 'Azimuth': 3.804052}
2024-02-20 12:41:48,258: Received setpoints {'ZMQ_YawOffset': -10, 'ZMQ_PitOffset(1)': 0.0, 'ZMQ_PitOffset(2)': 0.0, 'ZMQ_PitOffset(3)': 0.0} from wfc_controller for time = 55.0 and id = 1
2024-02-20 12:41:48,259: Sent setpoints {'ZMQ_TorqueOffset': 0, 'ZMQ_YawOffset': -10, 'ZMQ_PitOffset(1)': 0.0, 'ZMQ_PitOffset(2)': 0.0, 'ZMQ_PitOffset(3)': 0.0} to id = 1
2024-02-20 12:41:49,165: Received message (formatted): {'ZMQ_ID': 1.0, 'iStatus': 1.0, 'Time': 56.0, 'VS_MechGenPwr': 5928053.0, 'VS_GenPwr': 5719180.0, 'GenSpeed': 0.534338, 'RotSpeed': 0.534338, 'GenTqMeas': 11086180.0, 'NacHeading': 0.2924832, 'NacVane': -0.2924832, 'HorWindV': 8.000003, 'rootMOOP(1)': 29162740.0, 'rootMOOP(2)': 30941590.0, 'rootMOOP(3)': 30490270.0, 'FA_Acc': 0.02043919, 'NacIMU_FA_Acc': 0.0005409241, 'Azimuth': 4.337821}
2024-02-20 12:41:49,166: Received setpoints {'ZMQ_YawOffset': -10, 'ZMQ_PitOffset(1)': 0.0, 'ZMQ_PitOffset(2)': 0.0, 'ZMQ_PitOffset(3)': 0.0} from wfc_controller for time = 56.0 and id = 1
2024-02-20 12:41:49,168: Sent setpoints {'ZMQ_TorqueOffset': 0, 'ZMQ_YawOffset': -10, 'ZMQ_PitOffset(1)': 0.0, 'ZMQ_PitOffset(2)': 0.0, 'ZMQ_PitOffset(3)': 0.0} to id = 1
2024-02-20 12:41:50,029: Received message (formatted): {'ZMQ_ID': 1.0, 'iStatus': 1.0, 'Time': 57.0, 'VS_MechGenPwr': 5975802.0, 'VS_GenPwr': 5767244.0, 'GenSpeed': 0.5350848, 'RotSpeed': 0.5350848, 'GenTqMeas': 11163150.0, 'NacHeading': 0.2822722, 'NacVane': -0.2822722, 'HorWindV': 8.000003, 'rootMOOP(1)': 29706750.0, 'rootMOOP(2)': 31242380.0, 'rootMOOP(3)': 29736790.0, 'FA_Acc': -0.0003874667, 'NacIMU_FA_Acc': -0.0001013767, 'Azimuth': 4.872755}
2024-02-20 12:41:50,033: Received setpoints {'ZMQ_YawOffset': -10, 'ZMQ_PitOffset(1)': 0.0, 'ZMQ_PitOffset(2)': 0.0, 'ZMQ_PitOffset(3)': 0.0} from wfc_controller for time = 57.0 and id = 1
2024-02-20 12:41:50,034: Sent setpoints {'ZMQ_TorqueOffset': 0, 'ZMQ_YawOffset': -10, 'ZMQ_PitOffset(1)': 0.0, 'ZMQ_PitOffset(2)': 0.0, 'ZMQ_PitOffset(3)': 0.0} to id = 1
2024-02-20 12:41:51,013: Received message (formatted): {'ZMQ_ID': 1.0, 'iStatus': 1.0, 'Time': 58.0, 'VS_MechGenPwr': 6003484.0, 'VS_GenPwr': 5796580.0, 'GenSpeed': 0.5343149, 'RotSpeed': 0.5343149, 'GenTqMeas': 11236320.0, 'NacHeading': 0.2722781, 'NacVane': -0.2722781, 'HorWindV': 8.000003, 'rootMOOP(1)': 30155660.0, 'rootMOOP(2)': 31388450.0, 'rootMOOP(3)': 28128310.0, 'FA_Acc': 0.0111971, 'NacIMU_FA_Acc': 0.0001407682, 'Azimuth': 5.407415}
2024-02-20 12:41:51,014: Received setpoints {'ZMQ_YawOffset': -10, 'ZMQ_PitOffset(1)': 0.0, 'ZMQ_PitOffset(2)': 0.0, 'ZMQ_PitOffset(3)': 0.0} from wfc_controller for time = 58.0 and id = 1
2024-02-20 12:41:51,014: Sent setpoints {'ZMQ_TorqueOffset': 0, 'ZMQ_YawOffset': -10, 'ZMQ_PitOffset(1)': 0.0, 'ZMQ_PitOffset(2)': 0.0, 'ZMQ_PitOffset(3)': 0.0} to id = 1
2024-02-20 12:41:52,091: Received message (formatted): {'ZMQ_ID': 1.0, 'iStatus': 1.0, 'Time': 59.0, 'VS_MechGenPwr': 6034133.0, 'VS_GenPwr': 5824497.0, 'GenSpeed': 0.5344246, 'RotSpeed': 0.5344246, 'GenTqMeas': 11287980.0, 'NacHeading': 0.2596226, 'NacVane': -0.2596226, 'HorWindV': 8.000003, 'rootMOOP(1)': 30533350.0, 'rootMOOP(2)': 31201950.0, 'rootMOOP(3)': 28792790.0, 'FA_Acc': -0.002870607, 'NacIMU_FA_Acc': -5.091972e-05, 'Azimuth': 5.941901}
2024-02-20 12:41:52,103: Received setpoints {'ZMQ_YawOffset': -10, 'ZMQ_PitOffset(1)': 0.0, 'ZMQ_PitOffset(2)': 0.0, 'ZMQ_PitOffset(3)': 0.0} from wfc_controller for time = 59.0 and id = 1
2024-02-20 12:41:52,104: Sent setpoints {'ZMQ_TorqueOffset': 0, 'ZMQ_YawOffset': -10, 'ZMQ_PitOffset(1)': 0.0, 'ZMQ_PitOffset(2)': 0.0, 'ZMQ_PitOffset(3)': 0.0} to id = 1
2024-02-20 12:41:53,065: Received message (formatted): {'ZMQ_ID': 1.0, 'iStatus': 1.0, 'Time': 60.0, 'VS_MechGenPwr': 6043102.0, 'VS_GenPwr': 5835099.0, 'GenSpeed': 0.5335506, 'RotSpeed': 0.5335506, 'GenTqMeas': 11327060.0, 'NacHeading': 0.2457217, 'NacVane': -0.2457217, 'HorWindV': 8.000003, 'rootMOOP(1)': 30934890.0, 'rootMOOP(2)': 30583590.0, 'rootMOOP(3)': 29251770.0, 'FA_Acc': 0.01071923, 'NacIMU_FA_Acc': 0.0003541569, 'Azimuth': 0.1926279}
2024-02-20 12:41:53,065: Received setpoints {'ZMQ_YawOffset': -10, 'ZMQ_PitOffset(1)': 0.0, 'ZMQ_PitOffset(2)': 0.0, 'ZMQ_PitOffset(3)': 0.0} from wfc_controller for time = 60.0 and id = 1
2024-02-20 12:41:53,066: Sent setpoints {'ZMQ_TorqueOffset': 0, 'ZMQ_YawOffset': -10, 'ZMQ_PitOffset(1)': 0.0, 'ZMQ_PitOffset(2)': 0.0, 'ZMQ_PitOffset(3)': 0.0} to id = 1
2024-02-20 12:41:54,097: Received message (formatted): {'ZMQ_ID': 1.0, 'iStatus': 1.0, 'Time': 61.0, 'VS_MechGenPwr': 6062838.0, 'VS_GenPwr': 5854284.0, 'GenSpeed': 0.5339539, 'RotSpeed': 0.5339539, 'GenTqMeas': 11355760.0, 'NacHeading': 0.2308096, 'NacVane': -0.2308096, 'HorWindV': 8.000003, 'rootMOOP(1)': 31210310.0, 'rootMOOP(2)': 29737700.0, 'rootMOOP(3)': 29635300.0, 'FA_Acc': -0.008489091, 'NacIMU_FA_Acc': -6.918783e-05, 'Azimuth': 0.7263975}
2024-02-20 12:41:54,098: Received setpoints {'ZMQ_YawOffset': -10, 'ZMQ_PitOffset(1)': 0.0, 'ZMQ_PitOffset(2)': 0.0, 'ZMQ_PitOffset(3)': 0.0} from wfc_controller for time = 61.0 and id = 1
2024-02-20 12:41:54,104: Sent setpoints {'ZMQ_TorqueOffset': 0, 'ZMQ_YawOffset': -10, 'ZMQ_PitOffset(1)': 0.0, 'ZMQ_PitOffset(2)': 0.0, 'ZMQ_PitOffset(3)': 0.0} to id = 1
2024-02-20 12:41:55,122: Received message (formatted): {'ZMQ_ID': 1.0, 'iStatus': 1.0, 'Time': 62.0, 'VS_MechGenPwr': 6062785.0, 'VS_GenPwr': 5855392.0, 'GenSpeed': 0.5324307, 'RotSpeed': 0.5324307, 'GenTqMeas': 11390150.0, 'NacHeading': 0.2155433, 'NacVane': -0.2155433, 'HorWindV': 8.000003, 'rootMOOP(1)': 31336300.0, 'rootMOOP(2)': 28085930.0, 'rootMOOP(3)': 30018860.0, 'FA_Acc': -0.008103136, 'NacIMU_FA_Acc': -5.563558e-05, 'Azimuth': 1.259725}
2024-02-20 12:41:55,122: Received setpoints {'ZMQ_YawOffset': -10, 'ZMQ_PitOffset(1)': 0.0, 'ZMQ_PitOffset(2)': 0.0, 'ZMQ_PitOffset(3)': 0.0} from wfc_controller for time = 62.0 and id = 1
2024-02-20 12:41:55,123: Sent setpoints {'ZMQ_TorqueOffset': 0, 'ZMQ_YawOffset': -10, 'ZMQ_PitOffset(1)': 0.0, 'ZMQ_PitOffset(2)': 0.0, 'ZMQ_PitOffset(3)': 0.0} to id = 1
2024-02-20 12:41:56,046: Received message (formatted): {'ZMQ_ID': 1.0, 'iStatus': 1.0, 'Time': 63.0, 'VS_MechGenPwr': 6069908.0, 'VS_GenPwr': 5860866.0, 'GenSpeed': 0.5322908, 'RotSpeed': 0.5322908, 'GenTqMeas': 11404230.0, 'NacHeading': 0.2000898, 'NacVane': -0.2000898, 'HorWindV': 8.000003, 'rootMOOP(1)': 31142190.0, 'rootMOOP(2)': 28751040.0, 'rootMOOP(3)': 30419400.0, 'FA_Acc': -0.01558197, 'NacIMU_FA_Acc': -7.55542e-05, 'Azimuth': 1.791932}
2024-02-20 12:41:56,046: Received setpoints {'ZMQ_YawOffset': -10, 'ZMQ_PitOffset(1)': 2.0, 'ZMQ_PitOffset(2)': 2.0, 'ZMQ_PitOffset(3)': 2.0} from wfc_controller for time = 63.0 and id = 1
2024-02-20 12:41:56,052: Sent setpoints {'ZMQ_TorqueOffset': 0, 'ZMQ_YawOffset': -10, 'ZMQ_PitOffset(1)': 2.0, 'ZMQ_PitOffset(2)': 2.0, 'ZMQ_PitOffset(3)': 2.0} to id = 1
2024-02-20 12:41:56,974: Received message (formatted): {'ZMQ_ID': 1.0, 'iStatus': 1.0, 'Time': 64.0, 'VS_MechGenPwr': 6127844.0, 'VS_GenPwr': 5899088.0, 'GenSpeed': 0.5344475, 'RotSpeed': 0.5344475, 'GenTqMeas': 11433020.0, 'NacHeading': 0.1827567, 'NacVane': -0.1827567, 'HorWindV': 8.000003, 'rootMOOP(1)': 28191680.0, 'rootMOOP(2)': 27247220.0, 'rootMOOP(3)': 28733260.0, 'FA_Acc': -0.06707658, 'NacIMU_FA_Acc': -0.0006266421, 'Azimuth': 2.3253}
2024-02-20 12:41:56,975: Received setpoints {'ZMQ_YawOffset': -10, 'ZMQ_PitOffset(1)': 3.0, 'ZMQ_PitOffset(2)': 3.0, 'ZMQ_PitOffset(3)': 3.0} from wfc_controller for time = 64.0 and id = 1
2024-02-20 12:41:56,976: Sent setpoints {'ZMQ_TorqueOffset': 0, 'ZMQ_YawOffset': -10, 'ZMQ_PitOffset(1)': 3.0, 'ZMQ_PitOffset(2)': 3.0, 'ZMQ_PitOffset(3)': 3.0} to id = 1
2024-02-20 12:41:57,903: Received message (formatted): {'ZMQ_ID': 1.0, 'iStatus': 1.0, 'Time': 65.0, 'VS_MechGenPwr': 6129232.0, 'VS_GenPwr': 5935441.0, 'GenSpeed': 0.5343311, 'RotSpeed': 0.5343311, 'GenTqMeas': 11504200.0, 'NacHeading': 0.1667698, 'NacVane': -0.1667698, 'HorWindV': 8.000003, 'rootMOOP(1)': 23245660.0, 'rootMOOP(2)': 23874500.0, 'rootMOOP(3)': 24956000.0, 'FA_Acc': -0.1158052, 'NacIMU_FA_Acc': -0.0004401719, 'Azimuth': 2.859814}
2024-02-20 12:41:57,905: Received setpoints {'ZMQ_YawOffset': -10, 'ZMQ_PitOffset(1)': 3.0, 'ZMQ_PitOffset(2)': 3.0, 'ZMQ_PitOffset(3)': 3.0} from wfc_controller for time = 65.0 and id = 1
2024-02-20 12:41:57,907: Sent setpoints {'ZMQ_TorqueOffset': 0, 'ZMQ_YawOffset': -10, 'ZMQ_PitOffset(1)': 3.0, 'ZMQ_PitOffset(2)': 3.0, 'ZMQ_PitOffset(3)': 3.0} to id = 1
2024-02-20 12:41:58,913: Received message (formatted): {'ZMQ_ID': 1.0, 'iStatus': 1.0, 'Time': 66.0, 'VS_MechGenPwr': 6090480.0, 'VS_GenPwr': 5907901.0, 'GenSpeed': 0.529062, 'RotSpeed': 0.529062, 'GenTqMeas': 11563760.0, 'NacHeading': 0.1499018, 'NacVane': -0.1499018, 'HorWindV': 8.000003, 'rootMOOP(1)': 17787870.0, 'rootMOOP(2)': 20372740.0, 'rootMOOP(3)': 20589530.0, 'FA_Acc': -0.2030112, 'NacIMU_FA_Acc': -0.001495294, 'Azimuth': 3.392181}
2024-02-20 12:41:58,914: Received setpoints {'ZMQ_YawOffset': -10, 'ZMQ_PitOffset(1)': 4.0, 'ZMQ_PitOffset(2)': 4.0, 'ZMQ_PitOffset(3)': 4.0} from wfc_controller for time = 66.0 and id = 1
2024-02-20 12:41:58,914: Sent setpoints {'ZMQ_TorqueOffset': 0, 'ZMQ_YawOffset': -10, 'ZMQ_PitOffset(1)': 4.0, 'ZMQ_PitOffset(2)': 4.0, 'ZMQ_PitOffset(3)': 4.0} to id = 1
2024-02-20 12:41:59,829: Received message (formatted): {'ZMQ_ID': 1.0, 'iStatus': 1.0, 'Time': 67.0, 'VS_MechGenPwr': 5901462.0, 'VS_GenPwr': 5751377.0, 'GenSpeed': 0.5190277, 'RotSpeed': 0.5190277, 'GenTqMeas': 11473820.0, 'NacHeading': 0.1334134, 'NacVane': -0.1334134, 'HorWindV': 8.000003, 'rootMOOP(1)': 14665330.0, 'rootMOOP(2)': 17030840.0, 'rootMOOP(3)': 15860970.0, 'FA_Acc': -0.2370271, 'NacIMU_FA_Acc': -0.001333029, 'Azimuth': 3.916393}
2024-02-20 12:41:59,830: Received setpoints {'ZMQ_YawOffset': -10, 'ZMQ_PitOffset(1)': 5.0, 'ZMQ_PitOffset(2)': 5.0, 'ZMQ_PitOffset(3)': 5.0} from wfc_controller for time = 67.0 and id = 1
2024-02-20 12:41:59,830: Sent setpoints {'ZMQ_TorqueOffset': 0, 'ZMQ_YawOffset': -10, 'ZMQ_PitOffset(1)': 5.0, 'ZMQ_PitOffset(2)': 5.0, 'ZMQ_PitOffset(3)': 5.0} to id = 1
2024-02-20 12:42:00,770: Received message (formatted): {'ZMQ_ID': 1.0, 'iStatus': 1.0, 'Time': 68.0, 'VS_MechGenPwr': 5563567.0, 'VS_GenPwr': 5440928.0, 'GenSpeed': 0.5050522, 'RotSpeed': 0.5050522, 'GenTqMeas': 11153270.0, 'NacHeading': 0.11524, 'NacVane': -0.11524, 'HorWindV': 8.000003, 'rootMOOP(1)': 11807360.0, 'rootMOOP(2)': 13515810.0, 'rootMOOP(3)': 11054150.0, 'FA_Acc': -0.2736907, 'NacIMU_FA_Acc': -0.001658721, 'Azimuth': 4.428895}
2024-02-20 12:42:00,771: Received setpoints {'ZMQ_YawOffset': -10, 'ZMQ_PitOffset(1)': 6.0, 'ZMQ_PitOffset(2)': 6.0, 'ZMQ_PitOffset(3)': 6.0} from wfc_controller for time = 68.0 and id = 1
2024-02-20 12:42:00,771: Sent setpoints {'ZMQ_TorqueOffset': 0, 'ZMQ_YawOffset': -10, 'ZMQ_PitOffset(1)': 6.0, 'ZMQ_PitOffset(2)': 6.0, 'ZMQ_PitOffset(3)': 6.0} to id = 1
2024-02-20 12:42:01,705: Received message (formatted): {'ZMQ_ID': 1.0, 'iStatus': 1.0, 'Time': 69.0, 'VS_MechGenPwr': 5068809.0, 'VS_GenPwr': 4973928.0, 'GenSpeed': 0.4868438, 'RotSpeed': 0.4868438, 'GenTqMeas': 10576660.0, 'NacHeading': 0.09733392, 'NacVane': -0.09733392, 'HorWindV': 8.000003, 'rootMOOP(1)': 9639489.0, 'rootMOOP(2)': 9936559.0, 'rootMOOP(3)': 6616104.0, 'FA_Acc': -0.2897595, 'NacIMU_FA_Acc': -0.001833178, 'Azimuth': 4.925019}
2024-02-20 12:42:01,708: Received setpoints {'ZMQ_YawOffset': -10, 'ZMQ_PitOffset(1)': 7.0, 'ZMQ_PitOffset(2)': 7.0, 'ZMQ_PitOffset(3)': 7.0} from wfc_controller for time = 69.0 and id = 1
2024-02-20 12:42:01,708: Sent setpoints {'ZMQ_TorqueOffset': 0, 'ZMQ_YawOffset': -10, 'ZMQ_PitOffset(1)': 7.0, 'ZMQ_PitOffset(2)': 7.0, 'ZMQ_PitOffset(3)': 7.0} to id = 1
2024-02-20 12:42:02,719: Received message (formatted): {'ZMQ_ID': 1.0, 'iStatus': 1.0, 'Time': 70.0, 'VS_MechGenPwr': 4453740.0, 'VS_GenPwr': 4388980.0, 'GenSpeed': 0.4663848, 'RotSpeed': 0.4663848, 'GenTqMeas': 9741050.0, 'NacHeading': 0.07854122, 'NacVane': -0.07854122, 'HorWindV': 8.000003, 'rootMOOP(1)': 7730857.0, 'rootMOOP(2)': 6206451.0, 'rootMOOP(3)': 2766248.0, 'FA_Acc': -0.2744512, 'NacIMU_FA_Acc': -0.001657727, 'Azimuth': 5.40193}
2024-02-20 12:42:02,719: Received setpoints {'ZMQ_YawOffset': -10, 'ZMQ_PitOffset(1)': 8.0, 'ZMQ_PitOffset(2)': 8.0, 'ZMQ_PitOffset(3)': 8.0} from wfc_controller for time = 70.0 and id = 1
2024-02-20 12:42:02,720: Sent setpoints {'ZMQ_TorqueOffset': 0, 'ZMQ_YawOffset': -10, 'ZMQ_PitOffset(1)': 8.0, 'ZMQ_PitOffset(2)': 8.0, 'ZMQ_PitOffset(3)': 8.0} to id = 1
2024-02-20 12:42:03,661: Received message (formatted): {'ZMQ_ID': 1.0, 'iStatus': 1.0, 'Time': 71.0, 'VS_MechGenPwr': 3709630.0, 'VS_GenPwr': 3668102.0, 'GenSpeed': 0.4435498, 'RotSpeed': 0.4435498, 'GenTqMeas': 8560284.0, 'NacHeading': 0.05880289, 'NacVane': -0.05880289, 'HorWindV': 8.000003, 'rootMOOP(1)': 6022629.0, 'rootMOOP(2)': 2616724.0, 'rootMOOP(3)': 1681237.0, 'FA_Acc': -0.2494581, 'NacIMU_FA_Acc': -0.00160719, 'Azimuth': 5.856833}
2024-02-20 12:42:03,662: Received setpoints {'ZMQ_YawOffset': -10, 'ZMQ_PitOffset(1)': 9.0, 'ZMQ_PitOffset(2)': 9.0, 'ZMQ_PitOffset(3)': 9.0} from wfc_controller for time = 71.0 and id = 1
2024-02-20 12:42:03,666: Sent setpoints {'ZMQ_TorqueOffset': 0, 'ZMQ_YawOffset': -10, 'ZMQ_PitOffset(1)': 9.0, 'ZMQ_PitOffset(2)': 9.0, 'ZMQ_PitOffset(3)': 9.0} to id = 1
2024-02-20 12:42:04,566: Received message (formatted): {'ZMQ_ID': 1.0, 'iStatus': 1.0, 'Time': 72.0, 'VS_MechGenPwr': 2679485.0, 'VS_GenPwr': 2665343.0, 'GenSpeed': 0.423307, 'RotSpeed': 0.423307, 'GenTqMeas': 6517685.0, 'NacHeading': 0.03827036, 'NacVane': -0.03827036, 'HorWindV': 8.000003, 'rootMOOP(1)': 3889759.0, 'rootMOOP(2)': -525087.0, 'rootMOOP(3)': 907267.4, 'FA_Acc': -0.1866894, 'NacIMU_FA_Acc': -0.0009138362, 'Azimuth': 0.006871223}
2024-02-20 12:42:04,568: Received setpoints {'ZMQ_YawOffset': -10, 'ZMQ_PitOffset(1)': 10.0, 'ZMQ_PitOffset(2)': 10.0, 'ZMQ_PitOffset(3)': 10.0} from wfc_controller for time = 72.0 and id = 1
2024-02-20 12:42:04,571: Sent setpoints {'ZMQ_TorqueOffset': 0, 'ZMQ_YawOffset': -10, 'ZMQ_PitOffset(1)': 10.0, 'ZMQ_PitOffset(2)': 10.0, 'ZMQ_PitOffset(3)': 10.0} to id = 1
2024-02-20 12:42:05,538: Received message (formatted): {'ZMQ_ID': 1.0, 'iStatus': 1.0, 'Time': 73.0, 'VS_MechGenPwr': 1715503.0, 'VS_GenPwr': 1724548.0, 'GenSpeed': 0.4039932, 'RotSpeed': 0.4039932, 'GenTqMeas': 4418804.0, 'NacHeading': 0.01655043, 'NacVane': -0.01655043, 'HorWindV': 8.000003, 'rootMOOP(1)': 1467985.0, 'rootMOOP(2)': -3161187.0, 'rootMOOP(3)': 372786.0, 'FA_Acc': -0.1451783, 'NacIMU_FA_Acc': -0.0009883967, 'Azimuth': 0.4203749}
2024-02-20 12:42:05,539: Received setpoints {'ZMQ_YawOffset': -10, 'ZMQ_PitOffset(1)': 11.0, 'ZMQ_PitOffset(2)': 11.0, 'ZMQ_PitOffset(3)': 11.0} from wfc_controller for time = 73.0 and id = 1
2024-02-20 12:42:05,539: Sent setpoints {'ZMQ_TorqueOffset': 0, 'ZMQ_YawOffset': -10, 'ZMQ_PitOffset(1)': 11.0, 'ZMQ_PitOffset(2)': 11.0, 'ZMQ_PitOffset(3)': 11.0} to id = 1
2024-02-20 12:42:06,481: Received message (formatted): {'ZMQ_ID': 1.0, 'iStatus': 1.0, 'Time': 74.0, 'VS_MechGenPwr': 838816.9, 'VS_GenPwr': 869185.4, 'GenSpeed': 0.3875762, 'RotSpeed': 0.3875762, 'GenTqMeas': 2321594.0, 'NacHeading': -0.005251824, 'NacVane': 0.005251824, 'HorWindV': 8.000003, 'rootMOOP(1)': -1346096.0, 'rootMOOP(2)': -5061094.0, 'rootMOOP(3)': -539000.1, 'FA_Acc': -0.06555642, 'NacIMU_FA_Acc': -3.97111e-05, 'Azimuth': 0.8159585}
2024-02-20 12:42:06,485: Received setpoints {'ZMQ_YawOffset': -10, 'ZMQ_PitOffset(1)': 12.0, 'ZMQ_PitOffset(2)': 12.0, 'ZMQ_PitOffset(3)': 12.0} from wfc_controller for time = 74.0 and id = 1
2024-02-20 12:42:06,485: Sent setpoints {'ZMQ_TorqueOffset': 0, 'ZMQ_YawOffset': -10, 'ZMQ_PitOffset(1)': 12.0, 'ZMQ_PitOffset(2)': 12.0, 'ZMQ_PitOffset(3)': 12.0} to id = 1
